androidapk/bird2/launcher/build/intermediates/manifest_merge_blame_file/debug/manifest-merger-blame-debug-report.txt
1<?xml version="1.0" encoding="utf-8"?>
2<manifest xmlns:android="http://schemas.android.com/apk/res/android"
3    package="com.cafegame.ugui01"
4    android:installLocation="preferExternal"
5    android:versionCode="1"
6    android:versionName="0.1" >
7
8    <uses-sdk
9        android:minSdkVersion="27"
9-->src\main\AndroidManifest.xml
10        android:targetSdkVersion="30" />
10-->src\main\AndroidManifest.xml
11
12    <supports-screens
12-->src\main\AndroidManifest.xml:3:3-163
13        android:anyDensity="true"
13-->src\main\AndroidManifest.xml:3:135-160
14        android:largeScreens="true"
14-->src\main\AndroidManifest.xml:3:78-105
15        android:normalScreens="true"
15-->src\main\AndroidManifest.xml:3:49-77
16        android:smallScreens="true"
16-->src\main\AndroidManifest.xml:3:21-48
17        android:xlargeScreens="true" />
17-->src\main\AndroidManifest.xml:3:106-134
18
19    <uses-permission android:name="android.permission.ACCESS_NETWORK_STATE" />
19-->src\main\AndroidManifest.xml:7:3-77
19-->src\main\AndroidManifest.xml:7:20-74
20    <uses-permission android:name="android.permission.INTERNET" />
20-->src\main\AndroidManifest.xml:8:3-65
20-->src\main\AndroidManifest.xml:8:20-62
21
22    <uses-feature android:glEsVersion="0x00030000" />
22-->[:unityLibrary] AndroidManifest.xml:10:5-54
22-->[:unityLibrary] AndroidManifest.xml:10:19-51
23    <uses-feature
23-->[:unityLibrary] AndroidManifest.xml:11:5-13:36
24        android:name="android.hardware.vulkan.version"
24-->[:unityLibrary] AndroidManifest.xml:12:9-55
25        android:required="false" />
25-->[:unityLibrary] AndroidManifest.xml:13:9-33
26    <uses-feature
26-->[:unityLibrary] AndroidManifest.xml:17:5-19:36
27        android:name="android.hardware.touchscreen"
27-->[:unityLibrary] AndroidManifest.xml:18:9-52
28        android:required="false" />
28-->[:unityLibrary] AndroidManifest.xml:19:9-33
29    <uses-feature
29-->[:unityLibrary] AndroidManifest.xml:20:5-22:36
30        android:name="android.hardware.touchscreen.multitouch"
30-->[:unityLibrary] AndroidManifest.xml:21:9-63
31        android:required="false" />
31-->[:unityLibrary] AndroidManifest.xml:22:9-33
32    <uses-feature
32-->[:unityLibrary] AndroidManifest.xml:23:5-25:36
33        android:name="android.hardware.touchscreen.multitouch.distinct"
33-->[:unityLibrary] AndroidManifest.xml:24:9-72
34        android:required="false" />
34-->[:unityLibrary] AndroidManifest.xml:25:9-33
35
36    <application
36-->src\main\AndroidManifest.xml:4:3-6:17
37        android:debuggable="true"
38        android:extractNativeLibs="true"
38-->[:unityLibrary] AndroidManifest.xml:27:18-50
39        android:icon="@mipmap/app_icon"
39-->src\main\AndroidManifest.xml:4:49-80
40        android:label="@string/app_name"
40-->src\main\AndroidManifest.xml:4:16-48
41        android:testOnly="true" >
42        <meta-data
42-->src\main\AndroidManifest.xml:5:5-79
43            android:name="unity.builder"
43-->src\main\AndroidManifest.xml:5:16-44
44            android:value="\33260961708744" />
44-->src\main\AndroidManifest.xml:5:45-76
45
46        <activity
46-->[:unityLibrary] AndroidManifest.xml:28:9-48:20
47            android:name="com.unity3d.player.TestActivity"
47-->[:unityLibrary] AndroidManifest.xml:29:13-59
48            android:configChanges="mcc|mnc|locale|touchscreen|keyboard|keyboardHidden|navigation|orientation|screenLayout|uiMode|screenSize|smallestScreenSize|fontScale|layoutDirection|density"
48-->[:unityLibrary] AndroidManifest.xml:30:13-194
49            android:hardwareAccelerated="false"
49-->[:unityLibrary] AndroidManifest.xml:31:13-48
50            android:launchMode="singleTask"
50-->[:unityLibrary] AndroidManifest.xml:32:13-44
51            android:resizeableActivity="false"
51-->[:unityLibrary] AndroidManifest.xml:33:13-47
52            android:screenOrientation="fullUser"
52-->[:unityLibrary] AndroidManifest.xml:34:13-49
53            android:theme="@style/UnityThemeSelector" >
53-->[:unityLibrary] AndroidManifest.xml:35:13-54
54            <intent-filter>
54-->[:unityLibrary] AndroidManifest.xml:36:13-40:29
55                <action android:name="android.intent.action.MAIN" />
55-->[:unityLibrary] AndroidManifest.xml:37:17-69
55-->[:unityLibrary] AndroidManifest.xml:37:25-66
56
57                <category android:name="android.intent.category.LAUNCHER" />
57-->[:unityLibrary] AndroidManifest.xml:39:17-77
57-->[:unityLibrary] AndroidManifest.xml:39:27-74
58            </intent-filter>
59
60            <meta-data
60-->[:unityLibrary] AndroidManifest.xml:42:13-44:40
61                android:name="unityplayer.UnityActivity"
61-->[:unityLibrary] AndroidManifest.xml:43:17-57
62                android:value="true" />
62-->[:unityLibrary] AndroidManifest.xml:44:17-37
63            <meta-data
63-->[:unityLibrary] AndroidManifest.xml:45:13-47:40
64                android:name="android.notch_support"
64-->[:unityLibrary] AndroidManifest.xml:46:17-53
65                android:value="true" />
65-->[:unityLibrary] AndroidManifest.xml:47:17-37
66        </activity>
67        <activity
67-->[:unityLibrary] AndroidManifest.xml:49:9-63:20
68            android:name="com.unity3d.player.UnityPlayerActivity"
68-->[:unityLibrary] AndroidManifest.xml:50:13-66
69            android:configChanges="mcc|mnc|locale|touchscreen|keyboard|keyboardHidden|navigation|orientation|screenLayout|uiMode|screenSize|smallestScreenSize|fontScale|layoutDirection|density"
69-->[:unityLibrary] AndroidManifest.xml:51:13-194
70            android:hardwareAccelerated="false"
70-->[:unityLibrary] AndroidManifest.xml:52:13-48
71            android:launchMode="singleTask"
71-->[:unityLibrary] AndroidManifest.xml:53:13-44
72            android:resizeableActivity="false"
72-->[:unityLibrary] AndroidManifest.xml:54:13-47
73            android:screenOrientation="fullUser"
73-->[:unityLibrary] AndroidManifest.xml:55:13-49
74            android:theme="@style/UnityThemeSelector" >
74-->[:unityLibrary] AndroidManifest.xml:56:13-54
75            <meta-data
75-->[:unityLibrary] AndroidManifest.xml:42:13-44:40
76                android:name="unityplayer.UnityActivity"
76-->[:unityLibrary] AndroidManifest.xml:43:17-57
77                android:value="true" />
77-->[:unityLibrary] AndroidManifest.xml:44:17-37
78            <meta-data
78-->[:unityLibrary] AndroidManifest.xml:45:13-47:40
79                android:name="android.notch_support"
79-->[:unityLibrary] AndroidManifest.xml:46:17-53
80                android:value="true" />
80-->[:unityLibrary] AndroidManifest.xml:47:17-37
81        </activity>
82
83        <meta-data
83-->[:unityLibrary] AndroidManifest.xml:65:9-67:33
84            android:name="unity.splash-mode"
84-->[:unityLibrary] AndroidManifest.xml:66:13-45
85            android:value="0" />
85-->[:unityLibrary] AndroidManifest.xml:67:13-30
86        <meta-data
86-->[:unityLibrary] AndroidManifest.xml:68:9-70:36
87            android:name="unity.splash-enable"
87-->[:unityLibrary] AndroidManifest.xml:69:13-47
88            android:value="True" />
88-->[:unityLibrary] AndroidManifest.xml:70:13-33
89        <meta-data
89-->[:unityLibrary] AndroidManifest.xml:71:9-73:36
90            android:name="unity.launch-fullscreen"
90-->[:unityLibrary] AndroidManifest.xml:72:13-51
91            android:value="True" />
91-->[:unityLibrary] AndroidManifest.xml:73:13-33
92        <meta-data
92-->[:unityLibrary] AndroidManifest.xml:74:9-76:37
93            android:name="unity.allow-resizable-window"
93-->[:unityLibrary] AndroidManifest.xml:75:13-56
94            android:value="False" />
94-->[:unityLibrary] AndroidManifest.xml:76:13-34
95        <meta-data
95-->[:unityLibrary] AndroidManifest.xml:77:9-79:50
96            android:name="notch.config"
96-->[:unityLibrary] AndroidManifest.xml:78:13-40
97            android:value="portrait|landscape" />
97-->[:unityLibrary] AndroidManifest.xml:79:13-47
98    </application>
99
100</manifest>